
2025-07-30 07:10:21,608 [INFO] Extracting rules...
2025-07-30 07:10:22,159 [INFO] Enriching with full text from PDFs...
2025-07-30 07:10:43,108 [INFO] Processed 2 PDFs, skipped 0, failed 0.
2025-07-30 07:11:04,969 [INFO] Processed 1 PDFs, skipped 0, failed 0.
2025-07-30 07:11:12,947 [INFO] Processed 1 PDFs, skipped 0, failed 0.
2025-07-30 07:11:16,396 [INFO] Processed 1 PDFs, skipped 0, failed 0.
2025-07-30 07:11:27,786 [INFO] Processed 1 PDFs, skipped 0, failed 0.
2025-07-30 07:11:34,136 [INFO] Processed 1 PDFs, skipped 0, failed 0.
2025-07-30 07:11:34,136 [INFO] Saving to output/proposed_rules.json...
2025-07-30 07:11:34,188 [INFO] Data successfully saved to output/proposed_rules.json
2025-07-30 07:11:34,189 [INFO] Done.
2025-07-30 07:11:34,189 [INFO] Total pipeline run time: 72.58 seconds.
2025-07-30 07:12:04,205 [INFO] Extracting rules...
2025-07-30 07:12:04,842 [INFO] Enriching with full text from PDFs...
2025-07-30 07:12:06,056 [INFO] Processed 2 PDFs, skipped 0, failed 0.
2025-07-30 07:12:07,199 [INFO] Processed 1 PDFs, skipped 0, failed 0.
2025-07-30 07:12:07,785 [INFO] Processed 1 PDFs, skipped 0, failed 0.
2025-07-30 07:12:08,267 [INFO] Processed 1 PDFs, skipped 0, failed 0.
2025-07-30 07:12:09,463 [INFO] Processed 1 PDFs, skipped 0, failed 0.
2025-07-30 07:12:09,998 [INFO] Processed 1 PDFs, skipped 0, failed 0.
2025-07-30 07:12:10,000 [INFO] Saving to output/proposed_rules.json...
2025-07-30 07:12:10,003 [INFO] Data successfully saved to output/proposed_rules.json
2025-07-30 07:12:10,003 [INFO] Done.
2025-07-30 07:12:10,003 [INFO] Total pipeline run time: 5.80 seconds.
